

Starting up. 10:42.34
---------------------
Adding game mode abduction (abduction) to configuration.
Adding game mode blob (blob) to configuration.
Adding game mode changeling (changeling) to configuration.
Adding game mode traitor+changeling (traitorchan) to configuration.
Adding game mode double agents (double_agents) to configuration.
Adding game mode king of the disk (king_disk) to configuration.
Adding game mode traitor (traitor) to configuration.
Adding game mode cult (cult) to configuration.
Adding game mode extended (extended) to configuration.
Adding game mode gang war (gang) to configuration.
Adding game mode hand of god (handofgod) to configuration.
Adding game mode AI malfunction (malfunction) to configuration.
Adding game mode meteor (meteor) to configuration.
Adding game mode monkey (monkey) to configuration.
Adding game mode nuclear emergency (nuclear) to configuration.
Adding game mode revolution (revolution) to configuration.
Adding game mode sandbox (sandbox) to configuration.
Adding game mode shadowling (shadowling) to configuration.
Adding game mode vampire (vampire) to configuration.
Adding game mode very ragin' bullshit mages (veryraginbullshitmages) to configuration.
Adding game mode ragin' mages (raginmages) to configuration.
Adding game mode wizard (wizard) to configuration.
Unknown setting in configuration: 'mentor_legacy_system'
Unknown setting in configuration: '//comment'
Unknown setting in configuration: '//uncomment'
Failed to connect to database in load_admin_ranks(). Reverting to legacy system.
Failed to connect to database in load_mentors().
[10:42:35]ADMIN: Loading Banlistjob
Database connection failed. Reverting to the legacy ban system.
[10:42:35]ADMIN: Loading jobban_rank
[10:42:35]ADMIN: jobban_keylist was empty
[10:42:35]ADMIN: Loading appearance_rank
[10:42:35]ADMIN: appearance_keylist was empty
[10:42:35]ADMIN: Updating jobbanfile!
[10:42:35]ADMIN: Loading Banlist
[10:42:50]GAME: TEMPL: Picking 3 template(s).
[10:42:50]GAME: TEMPL: Picked template: podcrash_9x9.dmm
[10:42:50]GAME: TEMPL: Picked template: spacewatchoutpost.dmm
[10:42:50]GAME: TEMPL: Picked template: gammavesselderelict.dmm
[10:42:53]GAME: Finished placing templates after 00:02
[11:09:00]ACCESS: Login: Gorram_Swags/(Gorram_Swags) from 127.0.0.1-3828808903 || BYOND v512
[11:10:03]ACCESS: Logout: Gorram_Swags[DC]/(Gorram_Swags)
