

Starting up. 21:28.25
---------------------


Starting up. 21:30.39
---------------------


Starting up. 21:41.19
---------------------


Starting up. 21:43.02
---------------------


Starting up. 21:46.08
---------------------
[21:55:19]ATTACK: Lane Weeter(tfw) climbed onto wooden table (122,125,1)
[21:59:51]ATTACK: Lane Weeter(tfw) hit Field Generator with The wrench(61,65,1)
[22:06:03]ATTACK: Lane Weeter(tfw) shot towards floor (120,133,1)
[22:06:04]ATTACK: Lane Weeter(tfw) shot towards floor (121,135,1)
[22:06:04]ATTACK: Lane Weeter(tfw) shot towards floor (118,135,1)
[22:06:05]ATTACK: Lane Weeter(tfw) shot towards reinforced window (114,139,1)
[22:06:05]ATTACK: Lane Weeter(tfw) shot towards reinforced window (114,139,1)
[22:06:06]ATTACK: Lane Weeter(tfw) shot towards reinforced window (111,139,1)
[22:06:07]ATTACK: Lane Weeter(tfw) shot towards reinforced window (108,139,1)
[22:06:08]ATTACK: Lane Weeter(tfw) shot towards floor (108,140,1)
[22:06:09]ATTACK: Lane Weeter(tfw) shot towards floor (108,141,1)
[22:06:09]ATTACK: Lane Weeter(tfw) shot towards floor (108,141,1)
[22:06:10]ATTACK: Lane Weeter(tfw) shot towards floor (108,141,1)
[22:06:55]ATTACK: Lane Weeter(tfw) shot towards floor (98,182,1)
[22:06:56]ATTACK: Lane Weeter(tfw) shot towards floor (97,182,1)
[22:06:57]ATTACK: Lane Weeter(tfw) shot towards floor (97,182,1)
[22:07:00]ATTACK: Lane Weeter(tfw) shot towards floor (98,182,1)
[22:07:01]ATTACK: Lane Weeter(tfw) shot towards floor (97,182,1)
[22:07:02]ATTACK: Lane Weeter(tfw) shot towards floor (97,182,1)
[22:07:03]ATTACK: Lane Weeter(tfw) hit floor with The energy gun(101,182,1)
[22:07:04]ATTACK: Lane Weeter(tfw) shot towards lockbox of loyalty implants (96,182,1)
[22:07:05]ATTACK: Lane Weeter(tfw) shot towards lockbox of loyalty implants (96,182,1)
[22:07:05]ATTACK: Lane Weeter(tfw) shot towards lockbox of loyalty implants (96,182,1)
[22:07:06]ATTACK: Lane Weeter(tfw) shot towards lockbox of loyalty implants (96,182,1)
[22:07:06]ATTACK: Lane Weeter(tfw) shot towards lockbox of loyalty implants (96,182,1)
[22:07:07]ATTACK: Lane Weeter(tfw) shot towards lockbox of loyalty implants (96,182,1)
[22:07:07]ATTACK: Lane Weeter(tfw) shot towards lockbox of loyalty implants (96,182,1)
[22:07:08]ATTACK: Lane Weeter(tfw) shot towards lockbox of loyalty implants (96,182,1)
[22:07:08]ATTACK: Lane Weeter(tfw) shot towards lockbox of loyalty implants (96,182,1)
[22:07:09]ATTACK: Lane Weeter(tfw) shot towards lockbox of loyalty implants (96,182,1)
[22:07:09]ATTACK: Lane Weeter(tfw) shot towards lockbox of loyalty implants (96,182,1)
[22:07:10]ATTACK: Lane Weeter(tfw) shot towards lockbox of loyalty implants (96,182,1)
[22:07:10]ATTACK: Lane Weeter(tfw) hit energy gun with The laser gun(101,182,1)
[22:15:45]ATTACK: Lane Weeter(tfw) hit floor with Lamarr(180,114,1)
